<?xml version="1.0" encoding="UTF-8"?>
<!-- Generated by org.testng.reporters.JUnitXMLReporter -->
<testsuite ignored="0" hostname="DESKTOP-ESTB7O7" failures="0" tests="4" name="test" time="3.004" errors="0" timestamp="2024-01-17T02:21:09 IST">
  <testcase classname="com.playersRepo.securecalls.TestGetCallOverPlayersRepo" name="getPlayerInfoByJerSeyNumber" time="2.48"/>
  <testcase classname="com.playersRepo.securecalls.TestGetCallOverPlayersRepo" name="testGetAllPlayersProfile" time="0.05"/>
  <testcase classname="com.playersRepo.securecalls.TestGetCallOverPlayersRepo" name="validateJsonScheaUsingPojo" time="0.33"/>
  <testcase classname="com.playersRepo.securecalls.TestGetCallOverPlayersRepo" name="verifyThatResponseIsInJsonFormat" time="0.076"/>
</testsuite> <!-- test -->
