<?xml version="1.0" encoding="UTF-8"?>
<testng-results ignored="0" total="4" passed="4" failed="0" skipped="0">
  <reporter-output>
  </reporter-output>
  <suite started-at="2024-01-17T02:21:06 IST" name="suite" finished-at="2024-01-17T02:21:09 IST" duration-ms="3004">
    <groups>
    </groups>
    <test started-at="2024-01-17T02:21:06 IST" name="test" finished-at="2024-01-17T02:21:09 IST" duration-ms="3004">
      <class name="com.playersRepo.securecalls.TestGetCallOverPlayersRepo">
        <test-method signature="getPlayerInfoByJerSeyNumber()[pri:0, instance:com.playersRepo.securecalls.TestGetCallOverPlayersRepo@3246fb96]" started-at="2024-01-17T02:21:06 IST" name="getPlayerInfoByJerSeyNumber" description="Get Player Profile by his/Her jersy Number" finished-at="2024-01-17T02:21:08 IST" duration-ms="2480" status="PASS">
          <reporter-output>
          </reporter-output>
        </test-method> <!-- getPlayerInfoByJerSeyNumber -->
        <test-method signature="testGetAllPlayersProfile()[pri:0, instance:com.playersRepo.securecalls.TestGetCallOverPlayersRepo@3246fb96]" started-at="2024-01-17T02:21:08 IST" name="testGetAllPlayersProfile" description="Get profile of all the players" finished-at="2024-01-17T02:21:08 IST" duration-ms="50" status="PASS">
          <reporter-output>
          </reporter-output>
        </test-method> <!-- testGetAllPlayersProfile -->
        <test-method signature="validateJsonScheaUsingPojo()[pri:0, instance:com.playersRepo.securecalls.TestGetCallOverPlayersRepo@3246fb96]" started-at="2024-01-17T02:21:08 IST" name="validateJsonScheaUsingPojo" description="Validate json schema using pojo class" finished-at="2024-01-17T02:21:09 IST" duration-ms="330" status="PASS">
          <reporter-output>
          </reporter-output>
        </test-method> <!-- validateJsonScheaUsingPojo -->
        <test-method signature="verifyThatResponseIsInJsonFormat()[pri:0, instance:com.playersRepo.securecalls.TestGetCallOverPlayersRepo@3246fb96]" started-at="2024-01-17T02:21:09 IST" name="verifyThatResponseIsInJsonFormat" description="Validate response is in json format" finished-at="2024-01-17T02:21:09 IST" duration-ms="76" status="PASS">
          <reporter-output>
          </reporter-output>
        </test-method> <!-- verifyThatResponseIsInJsonFormat -->
      </class> <!-- com.playersRepo.securecalls.TestGetCallOverPlayersRepo -->
    </test> <!-- test -->
  </suite> <!-- suite -->
</testng-results>
